[INFO ] 2020-03-18 11:27:49.605 [main] log4jmaintain - Log for information massage

[ERROR] 2020-03-18 11:27:49.619 [main] log4jmaintain - This is Error message

[DEBUG] 2020-03-18 11:27:49.622 [main] log4jmaintain - We are in debuger logger tag

[WARN ] 2020-03-18 11:27:49.623 [main] log4jmaintain - Warning message

[FATAL] 2020-03-18 11:27:49.625 [main] log4jmaintain - Fatal message

[INFO ] 2020-03-19 13:15:39.891 [main] log4jmaintain - Log for information massage

[ERROR] 2020-03-19 13:15:39.899 [main] log4jmaintain - This is Error message

[DEBUG] 2020-03-19 13:15:39.900 [main] log4jmaintain - We are in debuger logger tag

[WARN ] 2020-03-19 13:15:39.900 [main] log4jmaintain - Warning message

[FATAL] 2020-03-19 13:15:39.914 [main] log4jmaintain - Fatal message

[INFO ] 2020-03-19 13:33:31.794 [main] log4jmaintain - Test Started 

[INFO ] 2020-03-19 13:33:31.862 [main] log4jmaintain - Log for information massage

[INFO ] 2020-03-19 13:33:41.083 [main] log4jmaintain - Log for information massage

[ERROR] 2020-03-19 13:33:41.083 [main] log4jmaintain - This is Error message

[DEBUG] 2020-03-19 13:33:41.083 [main] log4jmaintain - We are in debuger logger tag

[WARN ] 2020-03-19 13:33:41.083 [main] log4jmaintain - Warning message

[FATAL] 2020-03-19 13:33:41.084 [main] log4jmaintain - Fatal message

[INFO ] 2020-03-19 13:34:04.676 [main] log4jmaintain - Log for information massage Passed

[INFO ] 2020-03-19 13:34:04.686 [main] log4jmaintain - Log for information massage

[INFO ] 2020-03-19 13:35:24.793 [main] log4jmaintain - Test Started 

[INFO ] 2020-03-19 13:35:24.858 [main] log4jmaintain - Log for information massage

[INFO ] 2020-03-19 13:35:39.214 [main] log4jmaintain - Log for information massage Passed

[INFO ] 2020-03-19 13:35:39.223 [main] log4jmaintain - Log for information massage

[INFO ] 2020-03-19 13:37:56.479 [main] log4jmaintain - Test Started 

[INFO ] 2020-03-19 13:37:56.534 [main] log4jmaintain - Log for information massage Started 

[INFO ] 2020-03-19 13:38:09.222 [main] log4jmaintain - Log for information massage Failed

[ERROR] 2020-03-19 13:38:09.222 [main] log4jmaintain - This is Error message

[DEBUG] 2020-03-19 13:38:09.224 [main] log4jmaintain - We are in debuger logger tag

[WARN ] 2020-03-19 13:38:09.224 [main] log4jmaintain - Warning message

[FATAL] 2020-03-19 13:38:09.224 [main] log4jmaintain - Fatal message

[INFO ] 2020-03-19 13:38:09.241 [main] log4jmaintain - Log for information massage Finished

[INFO ] 2020-03-19 13:48:40.476 [main] log4jmaintain - Test Started 

[INFO ] 2020-03-19 13:48:40.531 [main] log4jmaintain - Log for information massage Started 

[INFO ] 2020-03-19 13:48:53.027 [main] log4jmaintain - Log for information massage Failed

[ERROR] 2020-03-19 13:48:53.028 [main] log4jmaintain - This is Error message

[INFO ] 2020-03-19 13:48:53.029 [main] log4jmaintain - [TestResult name=func status=FAILURE method=TestWebpage.func()[pri:0, instance:com.pcs.toolsqa.TestWebpage@23faf8f2] output={null}]
[DEBUG] 2020-03-19 13:48:53.029 [main] log4jmaintain - We are in debuger logger tag

[WARN ] 2020-03-19 13:48:53.029 [main] log4jmaintain - Warning message

[FATAL] 2020-03-19 13:48:53.030 [main] log4jmaintain - Fatal message

[INFO ] 2020-03-19 13:48:53.045 [main] log4jmaintain - Log for information massage Finished

[INFO ] 2020-03-20 11:43:23.844 [main] log4jmaintain - Test Started 

[INFO ] 2020-03-20 11:43:23.984 [main] log4jmaintain - Log for information massage Started 

[INFO ] 2020-03-20 11:43:23.992 [main] log4jmaintain - Log for information massage Skipped

[ERROR] 2020-03-20 11:43:23.993 [main] log4jmaintain - This is Skipped

[DEBUG] 2020-03-20 11:43:23.993 [main] log4jmaintain - We are in debuger logger tag

[WARN ] 2020-03-20 11:43:23.993 [main] log4jmaintain - Warning message skipped

[INFO ] 2020-03-20 11:43:24.003 [main] log4jmaintain - Log for information massage Finished

[INFO ] 2020-03-20 11:48:15.932 [main] log4jmaintain - Test Started 

[INFO ] 2020-03-20 11:48:16.079 [main] log4jmaintain - Log for information massage Started 

[INFO ] 2020-03-20 11:48:16.083 [main] log4jmaintain - Log for information massage Skipped

[ERROR] 2020-03-20 11:48:16.084 [main] log4jmaintain - This is Skipped

[DEBUG] 2020-03-20 11:48:16.084 [main] log4jmaintain - We are in debuger logger tag

[WARN ] 2020-03-20 11:48:16.084 [main] log4jmaintain - Warning message skipped

[INFO ] 2020-03-20 11:48:16.096 [main] log4jmaintain - Log for information massage Finished

[INFO ] 2020-03-20 11:52:47.492 [main] log4jmaintain - Test Started 

[INFO ] 2020-03-20 11:52:47.615 [main] log4jmaintain - Log for information massage Started 

[INFO ] 2020-03-20 11:52:47.621 [main] log4jmaintain - Log for information massage Skipped
[ERROR] 2020-03-20 11:52:47.621 [main] log4jmaintain - This is Skipped
[DEBUG] 2020-03-20 11:52:47.623 [main] log4jmaintain - We are in debuger logger tag
[ERROR] 2020-03-20 11:52:47.624 [main] log4jmaintain - [TestResult name=func status=SKIP method=TestWebpage.func()[pri:0, instance:com.pcs.toolsqa.TestWebpage@4d95d2a2] output={null}]
[INFO ] 2020-03-20 11:52:47.650 [main] log4jmaintain - Log for information massage Finished

[INFO ] 2020-03-20 15:36:14.674 [main] log4jmaintain - Test Started 

[INFO ] 2020-03-20 15:36:14.825 [main] log4jmaintain - Log for information massage Started 

[INFO ] 2020-03-20 15:36:14.832 [main] log4jmaintain - Log for information massage Skipped
[ERROR] 2020-03-20 15:36:14.832 [main] log4jmaintain - This is Skipped
[DEBUG] 2020-03-20 15:36:14.833 [main] log4jmaintain - We are in debuger logger tag
[ERROR] 2020-03-20 15:36:14.834 [main] log4jmaintain - [TestResult name=func status=SKIP method=TestWebpage.func()[pri:0, instance:com.pcs.toolsqa.TestWebpage@1d29cf23] output={null}]
[INFO ] 2020-03-20 15:36:14.847 [main] log4jmaintain - Log for information massage Finished

[INFO ] 2020-03-20 15:37:23.109 [main] log4jmaintain - Test Started 

[INFO ] 2020-03-20 15:37:23.225 [main] log4jmaintain - Log for information massage Started 

[INFO ] 2020-03-20 15:37:23.229 [main] log4jmaintain - Log for information massage Skipped
[ERROR] 2020-03-20 15:37:23.229 [main] log4jmaintain - This is Skipped
[DEBUG] 2020-03-20 15:37:23.230 [main] log4jmaintain - We are in debuger logger tag
[ERROR] 2020-03-20 15:37:23.231 [main] log4jmaintain - [TestResult name=func status=SKIP method=TestWebpage.func()[pri:0, instance:com.pcs.toolsqa.TestWebpage@1d29cf23] output={null}]
[INFO ] 2020-03-20 15:37:23.241 [main] log4jmaintain - Log for information massage Finished

[INFO ] 2020-03-20 15:46:52.246 [main] log4jmaintain - Test Started 

[INFO ] 2020-03-20 15:46:52.297 [main] log4jmaintain - Log for information massage Started 

[INFO ] 2020-03-20 15:47:07.903 [main] log4jmaintain - Log for information massage Failed

[ERROR] 2020-03-20 15:47:07.903 [main] log4jmaintain - This is Error message

[INFO ] 2020-03-20 15:47:07.905 [main] log4jmaintain - [TestResult name=func status=FAILURE method=TestWebpage.func()[pri:0, instance:com.pcs.toolsqa.TestWebpage@23faf8f2] output={null}]
[DEBUG] 2020-03-20 15:47:07.905 [main] log4jmaintain - We are in debuger logger tag

[WARN ] 2020-03-20 15:47:07.905 [main] log4jmaintain - Warning message

[FATAL] 2020-03-20 15:47:07.905 [main] log4jmaintain - Fatal message

[INFO ] 2020-03-20 15:47:07.905 [main] log4jmaintain - Log for information massage Finished

[INFO ] 2020-03-20 15:59:46.629 [main] log4jmaintain - Test Started 
[INFO ] 2020-03-20 15:59:46.696 [main] log4jmaintain - Log for information massage Started
[INFO ] 2020-03-20 16:00:08.027 [main] log4jmaintain - Log for information massage Passed
[INFO ] 2020-03-20 16:00:08.039 [main] log4jmaintain - Log for information massage Finished
[INFO ] 2020-03-20 20:17:39.106 [main] log4jmaintain - Test Started 
[INFO ] 2020-03-20 20:17:39.179 [main] log4jmaintain - Log for information massage Started
[INFO ] 2020-03-20 20:17:39.314 [main] log4jmaintain - Log for information massage Failed
[ERROR] 2020-03-20 20:17:39.314 [main] log4jmaintain - This is Error message
[INFO ] 2020-03-20 20:17:39.315 [main] log4jmaintain - [TestResult name=func status=FAILURE method=TestWebpage.func()[pri:0, instance:com.pcs.toolsqa.TestWebpage@1e965684] output={null}]
[DEBUG] 2020-03-20 20:17:39.316 [main] log4jmaintain - We are in debuger logger tag
[WARN ] 2020-03-20 20:17:39.316 [main] log4jmaintain - Warning message
[FATAL] 2020-03-20 20:17:39.316 [main] log4jmaintain - Fatal message
[INFO ] 2020-03-20 20:17:39.325 [main] log4jmaintain - Log for information massage Finished
[INFO ] 2020-03-20 20:22:17.387 [main] log4jmaintain - Test Started 
[INFO ] 2020-03-20 20:22:17.471 [main] log4jmaintain - Log for information massage Started
[INFO ] 2020-03-20 20:22:17.618 [main] log4jmaintain - Log for information massage Failed
[ERROR] 2020-03-20 20:22:17.618 [main] log4jmaintain - This is Error message
[INFO ] 2020-03-20 20:22:17.619 [main] log4jmaintain - [TestResult name=func status=FAILURE method=TestWebpage.func()[pri:0, instance:com.pcs.toolsqa.TestWebpage@7586beff] output={null}]
[DEBUG] 2020-03-20 20:22:17.620 [main] log4jmaintain - We are in debuger logger tag
[WARN ] 2020-03-20 20:22:17.620 [main] log4jmaintain - Warning message
[FATAL] 2020-03-20 20:22:17.620 [main] log4jmaintain - Fatal message
[INFO ] 2020-03-20 20:22:17.631 [main] log4jmaintain - Log for information massage Finished
[INFO ] 2020-03-20 20:24:21.499 [main] log4jmaintain - Test Started 
[INFO ] 2020-03-20 20:26:07.764 [main] log4jmaintain - Log for information massage Started
[INFO ] 2020-03-20 20:26:07.911 [main] log4jmaintain - Log for information massage Skipped
[ERROR] 2020-03-20 20:26:07.916 [main] log4jmaintain - This is Skipped
[DEBUG] 2020-03-20 20:26:07.920 [main] log4jmaintain - We are in debuger logger tag
[ERROR] 2020-03-20 20:26:07.937 [main] log4jmaintain - [TestResult name=func status=SKIP method=TestWebpage.func()[pri:0, instance:com.pcs.toolsqa.TestWebpage@7586beff] output={null}]
[INFO ] 2020-03-20 20:26:54.791 [main] log4jmaintain - Log for information massage Finished
[INFO ] 2020-03-20 20:31:56.853 [main] log4jmaintain - Test Started 
[INFO ] 2020-03-20 20:31:56.950 [main] log4jmaintain - Log for information massage Started
[INFO ] 2020-03-20 20:31:56.953 [main] log4jmaintain - Log for information massage Skipped
[ERROR] 2020-03-20 20:31:56.954 [main] log4jmaintain - This is Skipped
[DEBUG] 2020-03-20 20:31:56.954 [main] log4jmaintain - We are in debuger logger tag
[ERROR] 2020-03-20 20:31:56.955 [main] log4jmaintain - [TestResult name=func status=SKIP method=TestWebpage.func()[pri:0, instance:com.pcs.toolsqa.TestWebpage@27a5f880] output={null}]
[INFO ] 2020-03-20 20:31:56.964 [main] log4jmaintain - Log for information massage Finished
[INFO ] 2020-03-20 20:36:08.859 [main] log4jmaintain - Test Started 
[INFO ] 2020-03-20 20:36:08.970 [main] log4jmaintain - Log for information massage Started
[INFO ] 2020-03-20 20:36:08.974 [main] log4jmaintain - Log for information massage Skipped
[ERROR] 2020-03-20 20:36:08.975 [main] log4jmaintain - This is Skipped
[DEBUG] 2020-03-20 20:36:08.975 [main] log4jmaintain - We are in debuger logger tag
[ERROR] 2020-03-20 20:36:08.976 [main] log4jmaintain - [TestResult name=func status=SKIP method=TestWebpage.func()[pri:0, instance:com.pcs.toolsqa.TestWebpage@27a5f880] output={null}]
[INFO ] 2020-03-20 20:36:08.986 [main] log4jmaintain - Log for information massage Finished
[INFO ] 2020-03-20 20:38:12.959 [main] log4jmaintain - Test Started 
[INFO ] 2020-03-20 20:38:13.058 [main] log4jmaintain - Log for information massage Started
[INFO ] 2020-03-20 20:38:13.064 [main] log4jmaintain - Log for information massage Skipped
[ERROR] 2020-03-20 20:38:13.065 [main] log4jmaintain - This is Skipped
[DEBUG] 2020-03-20 20:38:13.065 [main] log4jmaintain - We are in debuger logger tag
[ERROR] 2020-03-20 20:38:13.067 [main] log4jmaintain - [TestResult name=func status=SKIP method=TestWebpage.func()[pri:0, instance:com.pcs.toolsqa.TestWebpage@6895a785] output={null}]
[INFO ] 2020-03-20 20:38:13.078 [main] log4jmaintain - Log for information massage Finished
[INFO ] 2020-03-20 20:40:33.655 [main] log4jmaintain - Test Started 
[INFO ] 2020-03-20 20:40:33.753 [main] log4jmaintain - Log for information massage Started
[INFO ] 2020-03-20 20:40:33.758 [main] log4jmaintain - Log for information massage Skipped
[ERROR] 2020-03-20 20:40:33.758 [main] log4jmaintain - This is Skipped
[DEBUG] 2020-03-20 20:40:33.758 [main] log4jmaintain - We are in debuger logger tag
[ERROR] 2020-03-20 20:40:33.760 [main] log4jmaintain - [TestResult name=func status=SKIP method=TestWebpage.func()[pri:0, instance:com.pcs.toolsqa.TestWebpage@6895a785] output={null}]
[INFO ] 2020-03-20 20:40:33.771 [main] log4jmaintain - Log for information massage Finished
[INFO ] 2020-03-20 20:41:17.033 [main] log4jmaintain - Test Started 
[INFO ] 2020-03-20 20:41:34.021 [main] log4jmaintain - Log for information massage Started
[INFO ] 2020-03-20 20:41:42.592 [main] log4jmaintain - Log for information massage Passed
[INFO ] 2020-03-20 20:41:48.457 [main] log4jmaintain - Log for information massage Finished
[INFO ] 2020-03-20 20:42:33.696 [main] log4jmaintain - Test Started 
[INFO ] 2020-03-20 20:42:46.578 [main] log4jmaintain - Log for information massage Started
[INFO ] 2020-03-20 20:42:56.149 [main] log4jmaintain - Log for information massage Passed
[INFO ] 2020-03-20 20:43:03.835 [main] log4jmaintain - Log for information massage Finished
[INFO ] 2020-03-20 20:44:40.838 [main] log4jmaintain - Test Started 
[INFO ] 2020-03-20 20:44:59.226 [main] log4jmaintain - Log for information massage Started
[INFO ] 2020-03-20 20:45:07.015 [main] log4jmaintain - Log for information massage Passed
[INFO ] 2020-03-20 20:45:14.174 [main] log4jmaintain - Log for information massage Finished
[INFO ] 2020-03-20 20:46:58.742 [main] log4jmaintain - Test Started 
[INFO ] 2020-03-20 20:47:08.158 [main] log4jmaintain - Log for information massage Started
[INFO ] 2020-03-20 20:47:08.166 [main] log4jmaintain - Log for information massage Skipped
[ERROR] 2020-03-20 20:47:08.166 [main] log4jmaintain - This is Skipped
[DEBUG] 2020-03-20 20:47:08.166 [main] log4jmaintain - We are in debuger logger tag
[ERROR] 2020-03-20 20:47:08.167 [main] log4jmaintain - [TestResult name=func status=SKIP method=TestWebpage.func()[pri:0, instance:com.pcs.toolsqa.TestWebpage@27a5f880] output={null}]
[INFO ] 2020-03-20 20:47:08.179 [main] log4jmaintain - Log for information massage Finished
[INFO ] 2020-03-20 20:48:13.855 [main] log4jmaintain - Test Started 
[INFO ] 2020-03-20 20:48:29.253 [main] log4jmaintain - Log for information massage Started
[INFO ] 2020-03-20 20:48:30.732 [main] log4jmaintain - Log for information massage Passed
[INFO ] 2020-03-20 20:48:36.373 [main] log4jmaintain - Log for information massage Finished
[INFO ] 2020-03-20 22:06:09.318 [main] log4jmaintain - Test Started 
[INFO ] 2020-03-20 22:06:29.741 [main] log4jmaintain - Log for information massage Started
[INFO ] 2020-03-20 22:06:33.774 [main] log4jmaintain - Log for information massage Passed
[INFO ] 2020-03-20 22:06:38.272 [main] log4jmaintain - Log for information massage Finished
[INFO ] 2020-03-20 22:08:15.668 [main] log4jmaintain - Test Started 
[INFO ] 2020-03-20 22:08:33.679 [main] log4jmaintain - Log for information massage Started
[INFO ] 2020-03-20 22:08:46.271 [main] log4jmaintain - Log for information massage Passed
[INFO ] 2020-03-20 22:08:50.653 [main] log4jmaintain - Log for information massage Finished
[INFO ] 2020-03-20 22:09:40.158 [main] log4jmaintain - Test Started 
[INFO ] 2020-03-20 22:09:57.688 [main] log4jmaintain - Log for information massage Started
[INFO ] 2020-03-20 22:10:07.208 [main] log4jmaintain - Log for information massage Passed
[INFO ] 2020-03-20 22:10:12.246 [main] log4jmaintain - Log for information massage Finished
[INFO ] 2020-03-20 22:10:26.668 [main] log4jmaintain - Test Started 
[INFO ] 2020-03-20 22:10:43.675 [main] log4jmaintain - Log for information massage Started
[INFO ] 2020-03-20 22:10:52.380 [main] log4jmaintain - Log for information massage Passed
[INFO ] 2020-03-20 22:10:57.102 [main] log4jmaintain - Log for information massage Finished
[INFO ] 2020-03-21 19:01:28.798 [main] log4jmaintain - Test Started 
[INFO ] 2020-03-21 19:01:49.808 [main] log4jmaintain - Log for information massage Started
[INFO ] 2020-03-21 19:01:49.824 [main] log4jmaintain - Log for information massage Passed
[INFO ] 2020-03-21 19:01:51.014 [main] log4jmaintain - Log for information massage Started
[INFO ] 2020-03-21 19:01:57.879 [main] log4jmaintain - Log for information massage Failed
[ERROR] 2020-03-21 19:01:57.894 [main] log4jmaintain - This is Error message
[INFO ] 2020-03-21 19:01:57.895 [main] log4jmaintain - [TestResult name=Sortable status=FAILURE method=TestWebpage.Sortable()[pri:0, instance:com.pcs.toolsqa.TestWebpage@27a5f880] output={null}]
[DEBUG] 2020-03-21 19:01:57.896 [main] log4jmaintain - We are in debuger logger tag
[INFO ] 2020-03-21 19:02:04.114 [main] log4jmaintain - Log for information massage Finished
[INFO ] 2020-03-21 19:09:51.837 [main] log4jmaintain - Test Started 
[INFO ] 2020-03-21 19:10:13.071 [main] log4jmaintain - Log for information massage Started
[INFO ] 2020-03-21 19:10:13.120 [main] log4jmaintain - Log for information massage Passed
[INFO ] 2020-03-21 19:10:14.725 [main] log4jmaintain - Log for information massage Started
[INFO ] 2020-03-21 19:10:21.652 [main] log4jmaintain - Log for information massage Failed
[ERROR] 2020-03-21 19:10:21.654 [main] log4jmaintain - This is Error message
[INFO ] 2020-03-21 19:10:21.659 [main] log4jmaintain - [TestResult name=Sortable status=FAILURE method=TestWebpage.Sortable()[pri:0, instance:com.pcs.toolsqa.TestWebpage@27a5f880] output={null}]
[DEBUG] 2020-03-21 19:10:21.662 [main] log4jmaintain - We are in debuger logger tag
[INFO ] 2020-03-21 19:10:29.235 [main] log4jmaintain - Log for information massage Finished
[INFO ] 2020-03-21 19:11:58.644 [main] log4jmaintain - Test Started 
[INFO ] 2020-03-21 19:12:08.589 [main] log4jmaintain - Log for information massage Started
[INFO ] 2020-03-21 19:12:08.602 [main] log4jmaintain - Log for information massage Skipped
[ERROR] 2020-03-21 19:12:08.603 [main] log4jmaintain - This is Skipped
[DEBUG] 2020-03-21 19:12:08.604 [main] log4jmaintain - We are in debuger logger tag
[ERROR] 2020-03-21 19:12:08.605 [main] log4jmaintain - [TestResult name=Selectable status=SKIP method=TestWebpage.Selectable()[pri:0, instance:com.pcs.toolsqa.TestWebpage@27a5f880] output={null}]
[WARN ] 2020-03-21 19:12:08.605 [main] log4jmaintain - Warning message
[FATAL] 2020-03-21 19:12:08.607 [main] log4jmaintain - Fatal message
[INFO ] 2020-03-21 19:12:08.619 [main] log4jmaintain - Log for information massage Started
[INFO ] 2020-03-21 19:12:08.624 [main] log4jmaintain - Log for information massage Skipped
[ERROR] 2020-03-21 19:12:08.624 [main] log4jmaintain - This is Skipped
[DEBUG] 2020-03-21 19:12:08.624 [main] log4jmaintain - We are in debuger logger tag
[ERROR] 2020-03-21 19:12:08.624 [main] log4jmaintain - [TestResult name=Sortable status=SKIP method=TestWebpage.Sortable()[pri:0, instance:com.pcs.toolsqa.TestWebpage@27a5f880] output={null}]
[WARN ] 2020-03-21 19:12:08.624 [main] log4jmaintain - Warning message
[FATAL] 2020-03-21 19:12:08.624 [main] log4jmaintain - Fatal message
[INFO ] 2020-03-21 19:12:08.635 [main] log4jmaintain - Log for information massage Finished
[INFO ] 2020-03-21 19:12:40.339 [main] log4jmaintain - Test Started 
[INFO ] 2020-03-21 19:13:00.113 [main] log4jmaintain - Log for information massage Started
[INFO ] 2020-03-21 19:13:00.130 [main] log4jmaintain - Log for information massage Passed
[INFO ] 2020-03-21 19:13:01.590 [main] log4jmaintain - Log for information massage Started
[INFO ] 2020-03-21 19:13:07.787 [main] log4jmaintain - Log for information massage Failed
[ERROR] 2020-03-21 19:13:07.793 [main] log4jmaintain - This is Error message
[INFO ] 2020-03-21 19:13:07.794 [main] log4jmaintain - [TestResult name=Sortable status=FAILURE method=TestWebpage.Sortable()[pri:0, instance:com.pcs.toolsqa.TestWebpage@27a5f880] output={null}]
[DEBUG] 2020-03-21 19:13:07.794 [main] log4jmaintain - We are in debuger logger tag
[INFO ] 2020-03-21 19:13:14.246 [main] log4jmaintain - Log for information massage Finished
[INFO ] 2020-03-21 19:15:24.265 [main] log4jmaintain - Test Started 
[INFO ] 2020-03-21 19:15:43.442 [main] log4jmaintain - Log for information massage Started
[INFO ] 2020-03-21 19:15:43.508 [main] log4jmaintain - Log for information massage Passed
[INFO ] 2020-03-21 19:15:44.869 [main] log4jmaintain - Log for information massage Started
[INFO ] 2020-03-21 19:15:49.907 [main] log4jmaintain - Log for information massage Failed
[ERROR] 2020-03-21 19:15:49.911 [main] log4jmaintain - This is Error message
[INFO ] 2020-03-21 19:15:49.912 [main] log4jmaintain - [TestResult name=Sortable status=FAILURE method=TestWebpage.Sortable()[pri:0, instance:com.pcs.toolsqa.TestWebpage@27a5f880] output={null}]
[DEBUG] 2020-03-21 19:15:49.912 [main] log4jmaintain - We are in debuger logger tag
[INFO ] 2020-03-21 19:15:56.380 [main] log4jmaintain - Log for information massage Finished
[INFO ] 2020-03-21 19:21:58.028 [main] log4jmaintain - Test Started 
[INFO ] 2020-03-21 19:22:17.949 [main] log4jmaintain - Log for information massage Started
[INFO ] 2020-03-21 19:22:18.029 [main] log4jmaintain - Log for information massage Passed
[INFO ] 2020-03-21 19:22:20.737 [main] log4jmaintain - Log for information massage Started
[INFO ] 2020-03-21 19:22:27.982 [main] log4jmaintain - Log for information massage Failed
[ERROR] 2020-03-21 19:22:27.984 [main] log4jmaintain - This is Error message
[INFO ] 2020-03-21 19:22:27.986 [main] log4jmaintain - [TestResult name=Sortable status=FAILURE method=TestWebpage.Sortable()[pri:0, instance:com.pcs.toolsqa.TestWebpage@27a5f880] output={null}]
[DEBUG] 2020-03-21 19:22:27.986 [main] log4jmaintain - We are in debuger logger tag
[INFO ] 2020-03-21 19:22:33.858 [main] log4jmaintain - Log for information massage Finished
[INFO ] 2020-03-21 19:23:19.308 [main] log4jmaintain - Test Started 
[INFO ] 2020-03-21 19:23:38.121 [main] log4jmaintain - Log for information massage Started
[INFO ] 2020-03-21 19:23:38.139 [main] log4jmaintain - Log for information massage Passed
[INFO ] 2020-03-21 19:23:39.484 [main] log4jmaintain - Log for information massage Started
[INFO ] 2020-03-21 19:23:44.762 [main] log4jmaintain - Log for information massage Failed
[ERROR] 2020-03-21 19:23:44.763 [main] log4jmaintain - This is Error message
[INFO ] 2020-03-21 19:23:44.764 [main] log4jmaintain - [TestResult name=Sortable status=FAILURE method=TestWebpage.Sortable()[pri:0, instance:com.pcs.toolsqa.TestWebpage@27a5f880] output={null}]
[DEBUG] 2020-03-21 19:23:44.766 [main] log4jmaintain - We are in debuger logger tag
[INFO ] 2020-03-21 19:23:50.808 [main] log4jmaintain - Log for information massage Finished
[INFO ] 2020-03-21 19:39:20.601 [main] log4jmaintain - Test Started 
[INFO ] 2020-03-21 19:39:38.120 [main] log4jmaintain - Log for information massage Started
[INFO ] 2020-03-21 19:39:38.151 [main] log4jmaintain - Log for information massage Passed
[INFO ] 2020-03-21 19:39:39.402 [main] log4jmaintain - Log for information massage Started
[INFO ] 2020-03-21 19:39:44.660 [main] log4jmaintain - Log for information massage Failed
[ERROR] 2020-03-21 19:39:44.670 [main] log4jmaintain - This is Error message
[INFO ] 2020-03-21 19:39:44.671 [main] log4jmaintain - [TestResult name=Sortable status=FAILURE method=TestWebpage.Sortable()[pri:0, instance:com.pcs.toolsqa.TestWebpage@27a5f880] output={null}]
[DEBUG] 2020-03-21 19:39:44.671 [main] log4jmaintain - We are in debuger logger tag
[INFO ] 2020-03-21 19:39:49.926 [main] log4jmaintain - Log for information massage Finished
[INFO ] 2020-03-21 19:41:06.892 [main] log4jmaintain - Test Started 
[INFO ] 2020-03-21 19:41:24.902 [main] log4jmaintain - Log for information massage Started
[INFO ] 2020-03-21 19:41:24.962 [main] log4jmaintain - Log for information massage Passed
[INFO ] 2020-03-21 19:41:26.255 [main] log4jmaintain - Log for information massage Started
[INFO ] 2020-03-21 19:41:31.462 [main] log4jmaintain - Log for information massage Failed
[ERROR] 2020-03-21 19:41:31.464 [main] log4jmaintain - This is Error message
[INFO ] 2020-03-21 19:41:31.466 [main] log4jmaintain - [TestResult name=Sortable status=FAILURE method=TestWebpage.Sortable()[pri:0, instance:com.pcs.toolsqa.TestWebpage@27a5f880] output={null}]
[DEBUG] 2020-03-21 19:41:31.466 [main] log4jmaintain - We are in debuger logger tag
[INFO ] 2020-03-21 19:41:37.868 [main] log4jmaintain - Log for information massage Finished
[INFO ] 2020-03-21 19:42:42.086 [main] log4jmaintain - Test Started 
[INFO ] 2020-03-21 19:43:00.155 [main] log4jmaintain - Log for information massage Started
[INFO ] 2020-03-21 19:43:00.173 [main] log4jmaintain - Log for information massage Passed
[INFO ] 2020-03-21 19:43:01.616 [main] log4jmaintain - Log for information massage Started
[INFO ] 2020-03-21 19:43:07.004 [main] log4jmaintain - Log for information massage Failed
[ERROR] 2020-03-21 19:43:07.006 [main] log4jmaintain - This is Error message
[INFO ] 2020-03-21 19:43:07.009 [main] log4jmaintain - [TestResult name=Sortable status=FAILURE method=TestWebpage.Sortable()[pri:0, instance:com.pcs.toolsqa.TestWebpage@27a5f880] output={null}]
[DEBUG] 2020-03-21 19:43:07.009 [main] log4jmaintain - We are in debuger logger tag
[INFO ] 2020-03-21 19:43:12.711 [main] log4jmaintain - Log for information massage Finished
[INFO ] 2020-03-21 20:04:46.597 [main] log4jmaintain - Test Started 
[INFO ] 2020-03-21 20:04:55.683 [main] log4jmaintain - Log for information massage Started
[INFO ] 2020-03-21 20:04:55.692 [main] log4jmaintain - Log for information massage Skipped
[ERROR] 2020-03-21 20:04:55.693 [main] log4jmaintain - This is Skipped
[DEBUG] 2020-03-21 20:04:55.694 [main] log4jmaintain - We are in debuger logger tag
[ERROR] 2020-03-21 20:04:55.695 [main] log4jmaintain - [TestResult name=Selectable status=SKIP method=TestWebpage.Selectable()[pri:0, instance:com.pcs.toolsqa.TestWebpage@27a5f880] output={null}]
[WARN ] 2020-03-21 20:04:55.695 [main] log4jmaintain - Warning message
[FATAL] 2020-03-21 20:04:55.696 [main] log4jmaintain - Fatal message
[INFO ] 2020-03-21 20:04:55.704 [main] log4jmaintain - Log for information massage Started
[INFO ] 2020-03-21 20:04:55.709 [main] log4jmaintain - Log for information massage Skipped
[ERROR] 2020-03-21 20:04:55.709 [main] log4jmaintain - This is Skipped
[DEBUG] 2020-03-21 20:04:55.709 [main] log4jmaintain - We are in debuger logger tag
[ERROR] 2020-03-21 20:04:55.711 [main] log4jmaintain - [TestResult name=Sortable status=SKIP method=TestWebpage.Sortable()[pri:0, instance:com.pcs.toolsqa.TestWebpage@27a5f880] output={null}]
[WARN ] 2020-03-21 20:04:55.711 [main] log4jmaintain - Warning message
[FATAL] 2020-03-21 20:04:55.711 [main] log4jmaintain - Fatal message
[INFO ] 2020-03-21 20:04:55.716 [main] log4jmaintain - Log for information massage Finished
[INFO ] 2020-03-23 20:46:59.948 [main] log4jmaintain - Test Started 
[INFO ] 2020-03-23 20:48:19.193 [main] log4jmaintain - Log for information massage Started
[INFO ] 2020-03-23 20:48:19.215 [main] log4jmaintain - Log for information massage Passed
[INFO ] 2020-03-23 20:48:21.482 [main] log4jmaintain - Log for information massage Started
[INFO ] 2020-03-23 20:48:21.499 [main] log4jmaintain - Log for information massage Skipped
[ERROR] 2020-03-23 20:48:21.500 [main] log4jmaintain - This is Skipped
[DEBUG] 2020-03-23 20:48:21.500 [main] log4jmaintain - We are in debuger logger tag
[ERROR] 2020-03-23 20:48:21.500 [main] log4jmaintain - [TestResult name=Sortable status=SKIP method=TestWebpage.Sortable()[pri:0, instance:com.pcs.toolsqa.TestWebpage@27a5f880] output={null}]
[WARN ] 2020-03-23 20:48:21.500 [main] log4jmaintain - Warning message
[FATAL] 2020-03-23 20:48:21.500 [main] log4jmaintain - Fatal message
[INFO ] 2020-03-23 20:48:21.516 [main] log4jmaintain - Log for information massage Finished
[INFO ] 2020-03-23 20:50:30.182 [main] log4jmaintain - Test Started 
[INFO ] 2020-03-23 20:50:58.167 [main] log4jmaintain - Log for information massage Started
[INFO ] 2020-03-23 20:50:58.185 [main] log4jmaintain - Log for information massage Passed
[INFO ] 2020-03-23 20:50:59.429 [main] log4jmaintain - Log for information massage Started
[INFO ] 2020-03-23 20:51:07.206 [main] log4jmaintain - Log for information massage Failed
[ERROR] 2020-03-23 20:51:07.207 [main] log4jmaintain - This is Error message
[INFO ] 2020-03-23 20:51:07.210 [main] log4jmaintain - [TestResult name=Sortable status=FAILURE method=TestWebpage.Sortable()[pri:0, instance:com.pcs.toolsqa.TestWebpage@27a5f880] output={null}]
[DEBUG] 2020-03-23 20:51:07.210 [main] log4jmaintain - We are in debuger logger tag
[INFO ] 2020-03-23 20:51:07.826 [main] log4jmaintain - Log for information massage Finished
[INFO ] 2020-03-24 17:38:14.591 [main] log4jmaintain - Test Started 
[INFO ] 2020-03-24 17:39:28.508 [main] log4jmaintain - Log for information massage Started
[INFO ] 2020-03-24 17:39:28.529 [main] log4jmaintain - Log for information massage Passed
[INFO ] 2020-03-24 17:39:34.760 [main] log4jmaintain - Log for information massage Started
[INFO ] 2020-03-24 17:39:56.437 [main] log4jmaintain - Log for information massage Failed
[ERROR] 2020-03-24 17:39:56.437 [main] log4jmaintain - This is Error message
[INFO ] 2020-03-24 17:39:56.439 [main] log4jmaintain - [TestResult name=Sortable status=FAILURE method=TestWebpage.Sortable()[pri:0, instance:com.pcs.toolsqa.TestWebpage@27a5f880] output={null}]
[DEBUG] 2020-03-24 17:39:56.439 [main] log4jmaintain - We are in debuger logger tag
[INFO ] 2020-03-24 17:39:57.006 [main] log4jmaintain - Log for information massage Finished
[INFO ] 2020-03-24 17:54:04.770 [main] log4jmaintain - Test Started 
[INFO ] 2020-03-24 17:54:25.175 [main] log4jmaintain - Log for information massage Started
[INFO ] 2020-03-24 17:54:29.988 [main] log4jmaintain - Log for information massage Passed
[INFO ] 2020-03-24 17:54:30.700 [main] log4jmaintain - Log for information massage Started
[INFO ] 2020-03-24 17:54:33.920 [main] log4jmaintain - Log for information massage Passed
[INFO ] 2020-03-24 17:54:34.052 [main] log4jmaintain - Log for information massage Finished
[INFO ] 2020-03-24 17:58:55.307 [main] log4jmaintain - Test Started 
[INFO ] 2020-03-24 17:59:13.587 [main] log4jmaintain - Log for information massage Started
[INFO ] 2020-03-24 17:59:18.006 [main] log4jmaintain - Log for information massage Passed
[INFO ] 2020-03-24 17:59:18.983 [main] log4jmaintain - Log for information massage Started
[INFO ] 2020-03-24 17:59:22.259 [main] log4jmaintain - Log for information massage Passed
[INFO ] 2020-03-24 17:59:22.402 [main] log4jmaintain - Log for information massage Finished
[INFO ] 2020-03-24 18:00:02.130 [main] log4jmaintain - Test Started 
[INFO ] 2020-03-24 18:00:23.651 [main] log4jmaintain - Log for information massage Started
[INFO ] 2020-03-24 18:00:31.077 [main] log4jmaintain - Log for information massage Passed
[INFO ] 2020-03-24 18:00:31.846 [main] log4jmaintain - Log for information massage Started
[INFO ] 2020-03-24 18:00:35.204 [main] log4jmaintain - Log for information massage Passed
[INFO ] 2020-03-24 18:00:35.332 [main] log4jmaintain - Log for information massage Finished
[INFO ] 2020-03-24 18:02:27.762 [main] log4jmaintain - Test Started 
[INFO ] 2020-03-24 18:02:46.410 [main] log4jmaintain - Log for information massage Started
[INFO ] 2020-03-24 18:02:51.558 [main] log4jmaintain - Log for information massage Passed
[INFO ] 2020-03-24 18:02:52.292 [main] log4jmaintain - Log for information massage Started
[INFO ] 2020-03-24 18:02:55.521 [main] log4jmaintain - Log for information massage Passed
[INFO ] 2020-03-24 18:02:55.695 [main] log4jmaintain - Log for information massage Finished
[INFO ] 2020-03-24 18:03:13.890 [main] log4jmaintain - Test Started 
[INFO ] 2020-03-24 18:03:33.240 [main] log4jmaintain - Log for information massage Started
[INFO ] 2020-03-24 18:03:37.987 [main] log4jmaintain - Log for information massage Passed
[INFO ] 2020-03-24 18:03:38.856 [main] log4jmaintain - Log for information massage Started
[INFO ] 2020-03-24 18:03:43.190 [main] log4jmaintain - Log for information massage Passed
[INFO ] 2020-03-24 18:03:43.397 [main] log4jmaintain - Log for information massage Finished
[INFO ] 2020-03-25 14:22:48.282 [main] log4jmaintain - Test Started 
[INFO ] 2020-03-25 14:23:21.342 [main] log4jmaintain - Log for information massage Started
[INFO ] 2020-03-25 14:23:32.110 [main] log4jmaintain - Log for information massage Passed
[INFO ] 2020-03-25 14:23:33.768 [main] log4jmaintain - Log for information massage Started
[INFO ] 2020-03-25 14:23:38.630 [main] log4jmaintain - Log for information massage Passed
[INFO ] 2020-03-25 14:23:38.991 [main] log4jmaintain - Log for information massage Finished
[INFO ] 2020-03-25 18:11:24.327 [main] log4jmaintain - Test Started 
[INFO ] 2020-03-25 18:11:42.385 [main] log4jmaintain - Log for information massage Started
[INFO ] 2020-03-25 18:11:53.862 [main] log4jmaintain - Log for information massage Passed
[INFO ] 2020-03-25 18:11:54.670 [main] log4jmaintain - Log for information massage Started
[INFO ] 2020-03-25 18:11:58.941 [main] log4jmaintain - Log for information massage Passed
[INFO ] 2020-03-25 18:11:59.231 [main] log4jmaintain - Log for information massage Finished
[INFO ] 2020-03-25 21:07:16.871 [main] log4jmaintain - Test Started 
[INFO ] 2020-03-25 21:07:49.144 [main] log4jmaintain - Log for information massage Started
[INFO ] 2020-03-25 21:07:56.317 [main] log4jmaintain - Log for information massage Passed
[INFO ] 2020-03-25 21:07:58.201 [main] log4jmaintain - Log for information massage Started
[INFO ] 2020-03-25 21:08:02.437 [main] log4jmaintain - Log for information massage Passed
[INFO ] 2020-03-25 21:08:03.472 [main] log4jmaintain - Log for information massage Finished
[INFO ] 2020-03-25 21:24:06.351 [main] log4jmaintain - Test Started 
[INFO ] 2020-03-25 21:24:24.810 [main] log4jmaintain - Log for information massage Started
[INFO ] 2020-03-25 21:24:24.817 [main] log4jmaintain - Log for information massage Failed
[ERROR] 2020-03-25 21:24:24.817 [main] log4jmaintain - This is Error message
[INFO ] 2020-03-25 21:24:24.819 [main] log4jmaintain - [TestResult name=Sortable status=FAILURE method=Interactions.Sortable()[pri:0, instance:com.pcs.toolsqa.Interactions@167fdd33] output={null}]
[DEBUG] 2020-03-25 21:24:24.819 [main] log4jmaintain - We are in debuger logger tag
[INFO ] 2020-03-25 21:24:24.820 [main] log4jmaintain - Log for information massage Failed
[ERROR] 2020-03-25 21:24:24.820 [main] log4jmaintain - This is Error message
[INFO ] 2020-03-25 21:24:24.820 [main] log4jmaintain - [TestResult name=Sortable status=FAILURE method=Interactions.Sortable()[pri:0, instance:com.pcs.toolsqa.Interactions@167fdd33] output={null}]
[DEBUG] 2020-03-25 21:24:24.820 [main] log4jmaintain - We are in debuger logger tag
[INFO ] 2020-03-25 21:24:24.821 [main] log4jmaintain - Log for information massage Finished
[INFO ] 2020-03-25 21:27:58.475 [main] log4jmaintain - Test Started 
[INFO ] 2020-03-25 21:28:20.011 [main] log4jmaintain - Log for information massage Started
[INFO ] 2020-03-25 21:28:20.019 [main] log4jmaintain - Log for information massage Failed
[ERROR] 2020-03-25 21:28:20.020 [main] log4jmaintain - This is Error message
[INFO ] 2020-03-25 21:28:20.021 [main] log4jmaintain - [TestResult name=Sortable status=FAILURE method=Interactions.Sortable()[pri:0, instance:com.pcs.toolsqa.Interactions@167fdd33] output={null}]
[DEBUG] 2020-03-25 21:28:20.021 [main] log4jmaintain - We are in debuger logger tag
[INFO ] 2020-03-25 21:28:20.022 [main] log4jmaintain - Log for information massage Failed
[ERROR] 2020-03-25 21:28:20.022 [main] log4jmaintain - This is Error message
[INFO ] 2020-03-25 21:28:20.022 [main] log4jmaintain - [TestResult name=Sortable status=FAILURE method=Interactions.Sortable()[pri:0, instance:com.pcs.toolsqa.Interactions@167fdd33] output={null}]
[DEBUG] 2020-03-25 21:28:20.023 [main] log4jmaintain - We are in debuger logger tag
[INFO ] 2020-03-25 21:28:20.024 [main] log4jmaintain - Log for information massage Finished
[INFO ] 2020-03-25 21:33:31.370 [main] log4jmaintain - Test Started 
[INFO ] 2020-03-25 21:33:52.559 [main] log4jmaintain - Log for information massage Started
[INFO ] 2020-03-25 21:33:52.569 [main] log4jmaintain - Log for information massage Failed
[ERROR] 2020-03-25 21:33:52.570 [main] log4jmaintain - This is Error message
[INFO ] 2020-03-25 21:33:52.571 [main] log4jmaintain - [TestResult name=Sortable status=FAILURE method=Interactions.Sortable()[pri:0, instance:com.pcs.toolsqa.Interactions@1d29cf23] output={null}]
[DEBUG] 2020-03-25 21:33:52.572 [main] log4jmaintain - We are in debuger logger tag
[INFO ] 2020-03-25 21:33:52.573 [main] log4jmaintain - Log for information massage Failed
[ERROR] 2020-03-25 21:33:52.573 [main] log4jmaintain - This is Error message
[INFO ] 2020-03-25 21:33:52.573 [main] log4jmaintain - [TestResult name=Sortable status=FAILURE method=Interactions.Sortable()[pri:0, instance:com.pcs.toolsqa.Interactions@1d29cf23] output={null}]
[DEBUG] 2020-03-25 21:33:52.574 [main] log4jmaintain - We are in debuger logger tag
[INFO ] 2020-03-25 21:33:52.841 [main] log4jmaintain - Log for information massage Finished
[INFO ] 2020-03-25 21:34:19.041 [main] log4jmaintain - Test Started 
[INFO ] 2020-03-25 21:34:36.831 [main] log4jmaintain - Log for information massage Started
[INFO ] 2020-03-25 21:34:36.842 [main] log4jmaintain - Log for information massage Failed
[ERROR] 2020-03-25 21:34:36.842 [main] log4jmaintain - This is Error message
[INFO ] 2020-03-25 21:34:36.844 [main] log4jmaintain - [TestResult name=Sortable status=FAILURE method=Interactions.Sortable()[pri:0, instance:com.pcs.toolsqa.Interactions@7586beff] output={null}]
[DEBUG] 2020-03-25 21:34:36.845 [main] log4jmaintain - We are in debuger logger tag
[INFO ] 2020-03-25 21:34:36.846 [main] log4jmaintain - Log for information massage Failed
[ERROR] 2020-03-25 21:34:36.847 [main] log4jmaintain - This is Error message
[INFO ] 2020-03-25 21:34:36.847 [main] log4jmaintain - [TestResult name=Sortable status=FAILURE method=Interactions.Sortable()[pri:0, instance:com.pcs.toolsqa.Interactions@7586beff] output={null}]
[DEBUG] 2020-03-25 21:34:36.848 [main] log4jmaintain - We are in debuger logger tag
[INFO ] 2020-03-25 21:34:37.266 [main] log4jmaintain - Log for information massage Finished
[INFO ] 2020-03-25 21:35:07.213 [main] log4jmaintain - Test Started 
[INFO ] 2020-03-25 21:35:28.169 [main] log4jmaintain - Log for information massage Started
[INFO ] 2020-03-25 21:35:28.180 [main] log4jmaintain - Log for information massage Failed
[ERROR] 2020-03-25 21:35:28.180 [main] log4jmaintain - This is Error message
[INFO ] 2020-03-25 21:35:28.182 [main] log4jmaintain - [TestResult name=Sortable status=FAILURE method=Interactions.Sortable()[pri:0, instance:com.pcs.toolsqa.Interactions@7586beff] output={null}]
[DEBUG] 2020-03-25 21:35:28.182 [main] log4jmaintain - We are in debuger logger tag
[INFO ] 2020-03-25 21:35:28.183 [main] log4jmaintain - Log for information massage Failed
[ERROR] 2020-03-25 21:35:28.183 [main] log4jmaintain - This is Error message
[INFO ] 2020-03-25 21:35:28.183 [main] log4jmaintain - [TestResult name=Sortable status=FAILURE method=Interactions.Sortable()[pri:0, instance:com.pcs.toolsqa.Interactions@7586beff] output={null}]
[DEBUG] 2020-03-25 21:35:28.183 [main] log4jmaintain - We are in debuger logger tag
[INFO ] 2020-03-25 21:35:28.368 [main] log4jmaintain - Log for information massage Finished
[INFO ] 2020-03-25 21:36:01.080 [main] log4jmaintain - Test Started 
[INFO ] 2020-03-25 21:36:21.563 [main] log4jmaintain - Log for information massage Started
[INFO ] 2020-03-25 21:36:21.572 [main] log4jmaintain - Log for information massage Failed
[ERROR] 2020-03-25 21:36:21.572 [main] log4jmaintain - This is Error message
[INFO ] 2020-03-25 21:36:21.573 [main] log4jmaintain - [TestResult name=Sortable status=FAILURE method=Interactions.Sortable()[pri:0, instance:com.pcs.toolsqa.Interactions@7586beff] output={null}]
[DEBUG] 2020-03-25 21:36:21.574 [main] log4jmaintain - We are in debuger logger tag
[INFO ] 2020-03-25 21:36:21.574 [main] log4jmaintain - Log for information massage Failed
[ERROR] 2020-03-25 21:36:21.575 [main] log4jmaintain - This is Error message
[INFO ] 2020-03-25 21:36:21.576 [main] log4jmaintain - [TestResult name=Sortable status=FAILURE method=Interactions.Sortable()[pri:0, instance:com.pcs.toolsqa.Interactions@7586beff] output={null}]
[DEBUG] 2020-03-25 21:36:21.577 [main] log4jmaintain - We are in debuger logger tag
[INFO ] 2020-03-25 21:36:21.685 [main] log4jmaintain - Log for information massage Finished
[INFO ] 2020-03-25 21:39:41.633 [main] log4jmaintain - Test Started 
[INFO ] 2020-03-25 21:40:02.802 [main] log4jmaintain - Log for information massage Started
[INFO ] 2020-03-25 21:40:02.809 [main] log4jmaintain - Log for information massage Failed
[ERROR] 2020-03-25 21:40:02.809 [main] log4jmaintain - This is Error message
[INFO ] 2020-03-25 21:40:02.811 [main] log4jmaintain - [TestResult name=Sortable status=FAILURE method=Interactions.Sortable()[pri:0, instance:com.pcs.toolsqa.Interactions@7586beff] output={null}]
[DEBUG] 2020-03-25 21:40:02.812 [main] log4jmaintain - We are in debuger logger tag
[INFO ] 2020-03-25 21:40:02.813 [main] log4jmaintain - Log for information massage Failed
[ERROR] 2020-03-25 21:40:02.813 [main] log4jmaintain - This is Error message
[INFO ] 2020-03-25 21:40:02.813 [main] log4jmaintain - [TestResult name=Sortable status=FAILURE method=Interactions.Sortable()[pri:0, instance:com.pcs.toolsqa.Interactions@7586beff] output={null}]
[DEBUG] 2020-03-25 21:40:02.814 [main] log4jmaintain - We are in debuger logger tag
[INFO ] 2020-03-25 21:40:03.000 [main] log4jmaintain - Log for information massage Finished
[INFO ] 2020-03-25 21:40:57.909 [main] log4jmaintain - Test Started 
[INFO ] 2020-03-25 21:49:40.416 [main] log4jmaintain - Log for information massage Started
[INFO ] 2020-03-25 21:49:40.575 [main] log4jmaintain - Log for information massage Failed
[ERROR] 2020-03-25 21:49:40.590 [main] log4jmaintain - This is Error message
[INFO ] 2020-03-25 21:49:40.626 [main] log4jmaintain - [TestResult name=Sortable status=FAILURE method=Interactions.Sortable()[pri:0, instance:com.pcs.toolsqa.Interactions@7586beff] output={null}]
[DEBUG] 2020-03-25 21:49:40.646 [main] log4jmaintain - We are in debuger logger tag
[INFO ] 2020-03-25 21:50:01.074 [main] log4jmaintain - Log for information massage Failed
[ERROR] 2020-03-25 21:50:01.075 [main] log4jmaintain - This is Error message
[INFO ] 2020-03-25 21:50:01.076 [main] log4jmaintain - [TestResult name=Sortable status=FAILURE method=Interactions.Sortable()[pri:0, instance:com.pcs.toolsqa.Interactions@7586beff] output={null}]
[DEBUG] 2020-03-25 21:50:01.077 [main] log4jmaintain - We are in debuger logger tag
[INFO ] 2020-03-25 21:50:01.567 [main] log4jmaintain - Log for information massage Finished
[INFO ] 2020-03-25 21:51:04.216 [main] log4jmaintain - Test Started 
[INFO ] 2020-03-25 21:51:24.666 [main] log4jmaintain - Log for information massage Started
[INFO ] 2020-03-25 21:51:24.674 [main] log4jmaintain - Log for information massage Failed
[ERROR] 2020-03-25 21:51:24.674 [main] log4jmaintain - This is Error message
[INFO ] 2020-03-25 21:51:24.675 [main] log4jmaintain - [TestResult name=Sortable status=FAILURE method=Interactions.Sortable()[pri:0, instance:com.pcs.toolsqa.Interactions@7586beff] output={null}]
[DEBUG] 2020-03-25 21:51:24.675 [main] log4jmaintain - We are in debuger logger tag
[INFO ] 2020-03-25 21:51:24.676 [main] log4jmaintain - Log for information massage Failed
[ERROR] 2020-03-25 21:51:24.676 [main] log4jmaintain - This is Error message
[INFO ] 2020-03-25 21:51:24.676 [main] log4jmaintain - [TestResult name=Sortable status=FAILURE method=Interactions.Sortable()[pri:0, instance:com.pcs.toolsqa.Interactions@7586beff] output={null}]
[DEBUG] 2020-03-25 21:51:24.676 [main] log4jmaintain - We are in debuger logger tag
[INFO ] 2020-03-25 21:51:24.842 [main] log4jmaintain - Log for information massage Finished
[INFO ] 2020-03-25 21:57:47.053 [main] log4jmaintain - Test Started 
[INFO ] 2020-03-25 21:58:08.486 [main] log4jmaintain - Log for information massage Started
[INFO ] 2020-03-25 21:58:08.497 [main] log4jmaintain - Log for information massage Failed
[ERROR] 2020-03-25 21:58:08.497 [main] log4jmaintain - This is Error message
[INFO ] 2020-03-25 21:58:08.498 [main] log4jmaintain - [TestResult name=Sortable status=FAILURE method=Interactions.Sortable()[pri:0, instance:com.pcs.toolsqa.Interactions@167fdd33] output={null}]
[DEBUG] 2020-03-25 21:58:08.499 [main] log4jmaintain - We are in debuger logger tag
[INFO ] 2020-03-25 21:58:09.006 [main] log4jmaintain - Log for information massage Started
[INFO ] 2020-03-25 21:58:09.121 [main] log4jmaintain - Log for information massage Finished
[INFO ] 2020-03-25 22:00:58.452 [main] log4jmaintain - Test Started 
[INFO ] 2020-03-25 22:01:20.868 [main] log4jmaintain - Log for information massage Started
[INFO ] 2020-03-25 22:01:20.880 [main] log4jmaintain - Log for information massage Failed
[ERROR] 2020-03-25 22:01:20.880 [main] log4jmaintain - This is Error message
[INFO ] 2020-03-25 22:01:20.882 [main] log4jmaintain - [TestResult name=Sortable status=FAILURE method=Interactions.Sortable()[pri:0, instance:com.pcs.toolsqa.Interactions@167fdd33] output={null}]
[DEBUG] 2020-03-25 22:01:20.883 [main] log4jmaintain - We are in debuger logger tag
[INFO ] 2020-03-25 22:01:20.884 [main] log4jmaintain - Log for information massage Failed
[ERROR] 2020-03-25 22:01:20.884 [main] log4jmaintain - This is Error message
[INFO ] 2020-03-25 22:01:20.884 [main] log4jmaintain - [TestResult name=Sortable status=FAILURE method=Interactions.Sortable()[pri:0, instance:com.pcs.toolsqa.Interactions@167fdd33] output={null}]
[DEBUG] 2020-03-25 22:01:20.885 [main] log4jmaintain - We are in debuger logger tag
[INFO ] 2020-03-25 22:01:20.886 [main] log4jmaintain - Log for information massage Finished
[INFO ] 2020-03-25 22:02:07.227 [main] log4jmaintain - Test Started 
[INFO ] 2020-03-25 22:02:30.129 [main] log4jmaintain - Log for information massage Started
[INFO ] 2020-03-25 22:02:30.139 [main] log4jmaintain - Log for information massage Failed
[ERROR] 2020-03-25 22:02:30.139 [main] log4jmaintain - This is Error message
[INFO ] 2020-03-25 22:02:30.141 [main] log4jmaintain - [TestResult name=Sortable status=FAILURE method=Interactions.Sortable()[pri:0, instance:com.pcs.toolsqa.Interactions@167fdd33] output={null}]
[DEBUG] 2020-03-25 22:02:30.141 [main] log4jmaintain - We are in debuger logger tag
[INFO ] 2020-03-25 22:02:30.142 [main] log4jmaintain - Log for information massage Failed
[ERROR] 2020-03-25 22:02:30.142 [main] log4jmaintain - This is Error message
[INFO ] 2020-03-25 22:02:30.142 [main] log4jmaintain - [TestResult name=Sortable status=FAILURE method=Interactions.Sortable()[pri:0, instance:com.pcs.toolsqa.Interactions@167fdd33] output={null}]
[DEBUG] 2020-03-25 22:02:30.143 [main] log4jmaintain - We are in debuger logger tag
[INFO ] 2020-03-25 22:02:30.143 [main] log4jmaintain - Log for information massage Finished
[INFO ] 2020-03-25 22:09:14.613 [main] log4jmaintain - Test Started 
[INFO ] 2020-03-25 22:09:33.033 [main] log4jmaintain - Log for information massage Started
[INFO ] 2020-03-25 22:09:33.044 [main] log4jmaintain - Log for information massage Failed
[ERROR] 2020-03-25 22:09:33.044 [main] log4jmaintain - This is Error message
[INFO ] 2020-03-25 22:09:33.048 [main] log4jmaintain - [TestResult name=Sortable status=FAILURE method=Interactions.Sortable()[pri:0, instance:com.pcs.toolsqa.Interactions@167fdd33] output={null}]
[DEBUG] 2020-03-25 22:09:33.048 [main] log4jmaintain - We are in debuger logger tag
[INFO ] 2020-03-25 22:09:33.049 [main] log4jmaintain - Log for information massage Failed
[ERROR] 2020-03-25 22:09:33.049 [main] log4jmaintain - This is Error message
[INFO ] 2020-03-25 22:09:33.049 [main] log4jmaintain - [TestResult name=Sortable status=FAILURE method=Interactions.Sortable()[pri:0, instance:com.pcs.toolsqa.Interactions@167fdd33] output={null}]
[DEBUG] 2020-03-25 22:09:33.050 [main] log4jmaintain - We are in debuger logger tag
[INFO ] 2020-03-25 22:09:33.051 [main] log4jmaintain - Log for information massage Finished
[INFO ] 2020-03-25 22:12:32.145 [main] log4jmaintain - Test Started 
[INFO ] 2020-03-25 22:12:50.196 [main] log4jmaintain - Log for information massage Started
[INFO ] 2020-03-25 22:12:50.205 [main] log4jmaintain - Log for information massage Failed
[ERROR] 2020-03-25 22:12:50.206 [main] log4jmaintain - This is Error message
[INFO ] 2020-03-25 22:12:50.207 [main] log4jmaintain - [TestResult name=Selectable status=FAILURE method=Interactions.Selectable()[pri:0, instance:com.pcs.toolsqa.Interactions@1d29cf23] output={null}]
[DEBUG] 2020-03-25 22:12:50.208 [main] log4jmaintain - We are in debuger logger tag
[INFO ] 2020-03-25 22:12:50.208 [main] log4jmaintain - Log for information massage Failed
[ERROR] 2020-03-25 22:12:50.208 [main] log4jmaintain - This is Error message
[INFO ] 2020-03-25 22:12:50.209 [main] log4jmaintain - [TestResult name=Selectable status=FAILURE method=Interactions.Selectable()[pri:0, instance:com.pcs.toolsqa.Interactions@1d29cf23] output={null}]
[DEBUG] 2020-03-25 22:12:50.209 [main] log4jmaintain - We are in debuger logger tag
[INFO ] 2020-03-25 22:12:54.398 [main] log4jmaintain - Log for information massage Finished
[INFO ] 2020-03-26 11:17:21.120 [main] log4jmaintain - Test Started 
[INFO ] 2020-03-26 11:17:43.740 [main] log4jmaintain - Log for information massage Started
[INFO ] 2020-03-26 11:17:52.615 [main] log4jmaintain - Log for information massage Failed
[ERROR] 2020-03-26 11:17:52.616 [main] log4jmaintain - This is Error message
[INFO ] 2020-03-26 11:17:52.620 [main] log4jmaintain - [TestResult name=Sortable status=FAILURE method=Interactions.Sortable()[pri:0, instance:com.pcs.toolsqa.Interactions@167fdd33] output={null}]
[DEBUG] 2020-03-26 11:17:52.620 [main] log4jmaintain - We are in debuger logger tag
[INFO ] 2020-03-26 11:17:53.043 [main] log4jmaintain - Log for information massage Started
[INFO ] 2020-03-26 11:17:53.075 [main] log4jmaintain - Log for information massage Skipped
[ERROR] 2020-03-26 11:17:53.076 [main] log4jmaintain - This is Skipped
[DEBUG] 2020-03-26 11:17:53.077 [main] log4jmaintain - We are in debuger logger tag
[ERROR] 2020-03-26 11:17:53.078 [main] log4jmaintain - [TestResult name=Selectable status=SKIP method=Interactions.Selectable()[pri:0, instance:com.pcs.toolsqa.Interactions@167fdd33] output={null}]
[WARN ] 2020-03-26 11:17:53.081 [main] log4jmaintain - Warning message
[FATAL] 2020-03-26 11:17:53.081 [main] log4jmaintain - Fatal message
[INFO ] 2020-03-26 11:17:59.177 [main] log4jmaintain - Log for information massage Finished
[INFO ] 2020-03-29 21:54:24.436 [main] log4jmaintain - Test Started 
[INFO ] 2020-03-29 21:58:08.291 [main] log4jmaintain - Log for information massage Started
[INFO ] 2020-03-29 21:58:17.011 [main] log4jmaintain - Log for information massage Failed
[ERROR] 2020-03-29 21:58:17.014 [main] log4jmaintain - This is Error message
[INFO ] 2020-03-29 21:58:17.019 [main] log4jmaintain - [TestResult name=Sortable status=FAILURE method=Interactions.Sortable()[pri:0, instance:com.pcs.toolsqa.Interactions@167fdd33] output={null}]
[DEBUG] 2020-03-29 21:58:17.020 [main] log4jmaintain - We are in debuger logger tag
[INFO ] 2020-03-29 21:58:17.358 [main] log4jmaintain - Log for information massage Started
[INFO ] 2020-03-29 21:58:17.383 [main] log4jmaintain - Log for information massage Skipped
[ERROR] 2020-03-29 21:58:17.385 [main] log4jmaintain - This is Skipped
[DEBUG] 2020-03-29 21:58:17.386 [main] log4jmaintain - We are in debuger logger tag
[ERROR] 2020-03-29 21:58:17.386 [main] log4jmaintain - [TestResult name=Selectable status=SKIP method=Interactions.Selectable()[pri:0, instance:com.pcs.toolsqa.Interactions@167fdd33] output={null}]
[WARN ] 2020-03-29 21:58:17.388 [main] log4jmaintain - Warning message
[FATAL] 2020-03-29 21:58:17.389 [main] log4jmaintain - Fatal message
[INFO ] 2020-03-29 21:58:20.774 [main] log4jmaintain - Log for information massage Finished
[INFO ] 2020-03-29 21:59:51.329 [main] log4jmaintain - Test Started 
[INFO ] 2020-03-29 22:00:10.324 [main] log4jmaintain - Log for information massage Started
[INFO ] 2020-03-29 22:01:26.454 [main] log4jmaintain - Log for information massage Passed
[INFO ] 2020-03-29 22:01:29.353 [main] log4jmaintain - Log for information massage Started
[INFO ] 2020-03-29 22:01:34.538 [main] log4jmaintain - Log for information massage Passed
[INFO ] 2020-03-29 22:01:37.833 [main] log4jmaintain - Log for information massage Finished
[INFO ] 2020-03-29 22:05:26.197 [main] log4jmaintain - Test Started 
[INFO ] 2020-03-29 22:05:42.514 [main] log4jmaintain - Log for information massage Started
[INFO ] 2020-03-29 22:07:20.100 [main] log4jmaintain - Log for information massage Passed
[INFO ] 2020-03-29 22:07:22.590 [main] log4jmaintain - Log for information massage Started
[INFO ] 2020-03-29 22:07:27.762 [main] log4jmaintain - Log for information massage Passed
[INFO ] 2020-03-29 22:07:31.009 [main] log4jmaintain - Log for information massage Finished
[INFO ] 2020-03-30 11:31:32.977 [main] log4jmaintain - Test Started 
[INFO ] 2020-03-30 11:33:22.343 [main] log4jmaintain - Log for information massage Started
[INFO ] 2020-03-30 11:33:22.868 [main] log4jmaintain - Log for information massage Failed
[ERROR] 2020-03-30 11:33:22.869 [main] log4jmaintain - This is Error message
[INFO ] 2020-03-30 11:33:22.870 [main] log4jmaintain - [TestResult name=Sortable status=FAILURE method=Interactions.Sortable()[pri:0, instance:com.pcs.toolsqa.Interactions@167fdd33] output={null}]
[DEBUG] 2020-03-30 11:33:22.870 [main] log4jmaintain - We are in debuger logger tag
[INFO ] 2020-03-30 11:33:23.024 [main] log4jmaintain - Log for information massage Started
[INFO ] 2020-03-30 11:33:23.031 [main] log4jmaintain - Log for information massage Skipped
[ERROR] 2020-03-30 11:33:23.031 [main] log4jmaintain - This is Skipped
[DEBUG] 2020-03-30 11:33:23.032 [main] log4jmaintain - We are in debuger logger tag
[ERROR] 2020-03-30 11:33:23.032 [main] log4jmaintain - [TestResult name=Selectable status=SKIP method=Interactions.Selectable()[pri:0, instance:com.pcs.toolsqa.Interactions@167fdd33] output={null}]
[WARN ] 2020-03-30 11:33:23.032 [main] log4jmaintain - Warning message
[FATAL] 2020-03-30 11:33:23.033 [main] log4jmaintain - Fatal message
[INFO ] 2020-03-30 11:33:23.300 [main] log4jmaintain - Log for information massage Started
[INFO ] 2020-03-30 11:33:23.304 [main] log4jmaintain - Log for information massage Skipped
[ERROR] 2020-03-30 11:33:23.304 [main] log4jmaintain - This is Skipped
[DEBUG] 2020-03-30 11:33:23.305 [main] log4jmaintain - We are in debuger logger tag
[ERROR] 2020-03-30 11:33:23.305 [main] log4jmaintain - [TestResult name=Draggable status=SKIP method=Interactions.Draggable()[pri:2, instance:com.pcs.toolsqa.Interactions@167fdd33] output={null}]
[WARN ] 2020-03-30 11:33:23.305 [main] log4jmaintain - Warning message
[FATAL] 2020-03-30 11:33:23.305 [main] log4jmaintain - Fatal message
[INFO ] 2020-03-30 11:33:23.315 [main] log4jmaintain - Log for information massage Finished
[INFO ] 2020-03-30 11:34:01.823 [main] log4jmaintain - Test Started 
[INFO ] 2020-03-30 11:34:10.816 [main] log4jmaintain - Log for information massage Started
[INFO ] 2020-03-30 11:34:10.827 [main] log4jmaintain - Log for information massage Skipped
[ERROR] 2020-03-30 11:34:10.830 [main] log4jmaintain - This is Skipped
[DEBUG] 2020-03-30 11:34:10.831 [main] log4jmaintain - We are in debuger logger tag
[ERROR] 2020-03-30 11:34:10.832 [main] log4jmaintain - [TestResult name=Sortable status=SKIP method=Interactions.Sortable()[pri:0, instance:com.pcs.toolsqa.Interactions@167fdd33] output={null}]
[WARN ] 2020-03-30 11:34:10.832 [main] log4jmaintain - Warning message
[FATAL] 2020-03-30 11:34:10.833 [main] log4jmaintain - Fatal message
[INFO ] 2020-03-30 11:34:10.836 [main] log4jmaintain - Log for information massage Failed
[ERROR] 2020-03-30 11:34:10.836 [main] log4jmaintain - This is Error message
[INFO ] 2020-03-30 11:34:10.837 [main] log4jmaintain - [TestResult name=Sortable status=FAILURE method=Interactions.Sortable()[pri:0, instance:com.pcs.toolsqa.Interactions@167fdd33] output={null}]
[DEBUG] 2020-03-30 11:34:10.838 [main] log4jmaintain - We are in debuger logger tag
[INFO ] 2020-03-30 11:34:10.839 [main] log4jmaintain - Log for information massage Finished
[INFO ] 2020-03-30 11:37:57.309 [main] log4jmaintain - Test Started 
[INFO ] 2020-03-30 11:38:20.680 [main] log4jmaintain - Log for information massage Started
[INFO ] 2020-03-30 11:38:58.957 [main] log4jmaintain - Log for information massage Passed
[INFO ] 2020-03-30 11:39:00.435 [main] log4jmaintain - Log for information massage Started
[INFO ] 2020-03-30 11:39:05.516 [main] log4jmaintain - Log for information massage Passed
[INFO ] 2020-03-30 11:39:08.238 [main] log4jmaintain - Log for information massage Started
[INFO ] 2020-03-30 11:39:09.778 [main] log4jmaintain - Log for information massage Passed
[INFO ] 2020-03-30 11:39:13.133 [main] log4jmaintain - Log for information massage Finished
[INFO ] 2020-03-30 11:40:35.904 [main] log4jmaintain - Test Started 
[INFO ] 2020-03-30 11:42:51.655 [main] log4jmaintain - Log for information massage Started
[INFO ] 2020-03-30 11:43:00.212 [main] log4jmaintain - Log for information massage Failed
[ERROR] 2020-03-30 11:43:00.213 [main] log4jmaintain - This is Error message
[INFO ] 2020-03-30 11:43:00.218 [main] log4jmaintain - [TestResult name=Sortable status=FAILURE method=Interactions.Sortable()[pri:0, instance:com.pcs.toolsqa.Interactions@167fdd33] output={null}]
[DEBUG] 2020-03-30 11:43:00.220 [main] log4jmaintain - We are in debuger logger tag
[INFO ] 2020-03-30 11:43:00.420 [main] log4jmaintain - Log for information massage Started
[INFO ] 2020-03-30 11:43:00.437 [main] log4jmaintain - Log for information massage Skipped
[ERROR] 2020-03-30 11:43:00.438 [main] log4jmaintain - This is Skipped
[DEBUG] 2020-03-30 11:43:00.438 [main] log4jmaintain - We are in debuger logger tag
[ERROR] 2020-03-30 11:43:00.438 [main] log4jmaintain - [TestResult name=Selectable status=SKIP method=Interactions.Selectable()[pri:0, instance:com.pcs.toolsqa.Interactions@167fdd33] output={null}]
[WARN ] 2020-03-30 11:43:00.439 [main] log4jmaintain - Warning message
[FATAL] 2020-03-30 11:43:00.439 [main] log4jmaintain - Fatal message
[INFO ] 2020-03-30 11:43:04.172 [main] log4jmaintain - Log for information massage Started
[INFO ] 2020-03-30 11:43:09.901 [main] log4jmaintain - Log for information massage Passed
[INFO ] 2020-03-30 11:43:13.622 [main] log4jmaintain - Log for information massage Finished
[INFO ] 2020-03-30 13:20:48.696 [main] log4jmaintain - Test Started 
[INFO ] 2020-03-30 13:22:02.054 [main] log4jmaintain - Log for information massage Started
[INFO ] 2020-03-30 13:22:10.402 [main] log4jmaintain - Log for information massage Failed
[ERROR] 2020-03-30 13:22:10.402 [main] log4jmaintain - This is Error message
[INFO ] 2020-03-30 13:22:10.403 [main] log4jmaintain - [TestResult name=Sortable status=FAILURE method=Interactions.Sortable()[pri:0, instance:com.pcs.toolsqa.Interactions@167fdd33] output={null}]
[DEBUG] 2020-03-30 13:22:10.404 [main] log4jmaintain - We are in debuger logger tag
[INFO ] 2020-03-30 13:22:10.566 [main] log4jmaintain - Log for information massage Started
[INFO ] 2020-03-30 13:22:10.573 [main] log4jmaintain - Log for information massage Skipped
[ERROR] 2020-03-30 13:22:10.573 [main] log4jmaintain - This is Skipped
[DEBUG] 2020-03-30 13:22:10.574 [main] log4jmaintain - We are in debuger logger tag
[ERROR] 2020-03-30 13:22:10.574 [main] log4jmaintain - [TestResult name=Selectable status=SKIP method=Interactions.Selectable()[pri:0, instance:com.pcs.toolsqa.Interactions@167fdd33] output={null}]
[WARN ] 2020-03-30 13:22:10.575 [main] log4jmaintain - Warning message
[FATAL] 2020-03-30 13:22:10.575 [main] log4jmaintain - Fatal message
[INFO ] 2020-03-30 13:22:15.725 [main] log4jmaintain - Log for information massage Started
[INFO ] 2020-03-30 13:22:20.976 [main] log4jmaintain - Log for information massage Passed
[INFO ] 2020-03-30 13:22:30.955 [main] log4jmaintain - Log for information massage Finished
[INFO ] 2020-03-30 13:33:44.074 [main] log4jmaintain - Test Started 
[INFO ] 2020-03-30 13:34:02.174 [main] log4jmaintain - Log for information massage Started
[INFO ] 2020-03-30 13:34:12.369 [main] log4jmaintain - Log for information massage Passed
[INFO ] 2020-03-30 13:34:13.776 [main] log4jmaintain - Log for information massage Started
[INFO ] 2020-03-30 13:34:18.907 [main] log4jmaintain - Log for information massage Passed
[INFO ] 2020-03-30 13:34:20.261 [main] log4jmaintain - Log for information massage Started
[INFO ] 2020-03-30 13:34:21.796 [main] log4jmaintain - Log for information massage Passed
[INFO ] 2020-03-30 13:34:27.066 [main] log4jmaintain - Log for information massage Finished
[INFO ] 2020-03-30 13:49:53.930 [main] log4jmaintain - Test Started 
[INFO ] 2020-03-30 13:51:17.476 [main] log4jmaintain - Log for information massage Started
[INFO ] 2020-03-30 13:51:38.650 [main] log4jmaintain - Log for information massage Passed
[INFO ] 2020-03-30 13:51:53.850 [main] log4jmaintain - Log for information massage Started
[INFO ] 2020-03-30 13:52:02.123 [main] log4jmaintain - Log for information massage Failed
[ERROR] 2020-03-30 13:52:02.123 [main] log4jmaintain - This is Error message
[INFO ] 2020-03-30 13:52:02.124 [main] log4jmaintain - [TestResult name=Selectable status=FAILURE method=Interactions.Selectable()[pri:0, instance:com.pcs.toolsqa.Interactions@167fdd33] output={null}]
[DEBUG] 2020-03-30 13:52:02.125 [main] log4jmaintain - We are in debuger logger tag
[INFO ] 2020-03-30 13:52:11.239 [main] log4jmaintain - Log for information massage Started
[INFO ] 2020-03-30 13:52:15.065 [main] log4jmaintain - Log for information massage Passed
[INFO ] 2020-03-30 13:52:18.751 [main] log4jmaintain - Log for information massage Finished
[INFO ] 2020-03-31 20:52:29.965 [main] log4jmaintain - Test Started 
[INFO ] 2020-03-31 20:53:18.197 [main] log4jmaintain - Log for information massage Started
[INFO ] 2020-03-31 20:53:29.839 [main] log4jmaintain - Log for information massage Passed
[INFO ] 2020-03-31 20:53:32.661 [main] log4jmaintain - Log for information massage Started
[INFO ] 2020-03-31 20:53:37.446 [main] log4jmaintain - Log for information massage Passed
[INFO ] 2020-03-31 20:53:38.862 [main] log4jmaintain - Log for information massage Started
[INFO ] 2020-03-31 20:53:40.782 [main] log4jmaintain - Log for information massage Passed
[INFO ] 2020-03-31 20:53:48.671 [main] log4jmaintain - Log for information massage Finished
[INFO ] 2020-03-31 21:09:18.411 [main] log4jmaintain - Test Started 
[INFO ] 2020-03-31 21:09:33.008 [main] log4jmaintain - Log for information massage Started
[INFO ] 2020-03-31 21:10:28.676 [main] log4jmaintain - Log for information massage Failed
[ERROR] 2020-03-31 21:10:28.676 [main] log4jmaintain - This is Error message
[INFO ] 2020-03-31 21:10:28.677 [main] log4jmaintain - [TestResult name=Resizable status=FAILURE method=Interactions.Resizable()[pri:0, instance:com.pcs.toolsqa.Interactions@167fdd33] output={null}]
[DEBUG] 2020-03-31 21:10:28.677 [main] log4jmaintain - We are in debuger logger tag
[INFO ] 2020-03-31 21:10:29.981 [main] log4jmaintain - Log for information massage Started
[INFO ] 2020-03-31 21:11:23.991 [main] log4jmaintain - Log for information massage Passed
[INFO ] 2020-03-31 21:11:25.430 [main] log4jmaintain - Log for information massage Started
[INFO ] 2020-03-31 21:11:30.784 [main] log4jmaintain - Log for information massage Passed
[INFO ] 2020-03-31 21:11:31.933 [main] log4jmaintain - Log for information massage Started
[INFO ] 2020-03-31 21:11:34.388 [main] log4jmaintain - Log for information massage Passed
[INFO ] 2020-03-31 21:11:36.539 [main] log4jmaintain - Log for information massage Finished
[INFO ] 2020-03-31 21:15:18.753 [main] log4jmaintain - Test Started 
[INFO ] 2020-03-31 21:15:35.427 [main] log4jmaintain - Log for information massage Started
[INFO ] 2020-03-31 21:16:30.745 [main] log4jmaintain - Log for information massage Failed
[ERROR] 2020-03-31 21:16:30.745 [main] log4jmaintain - This is Error message
[INFO ] 2020-03-31 21:16:30.746 [main] log4jmaintain - [TestResult name=Resizable status=FAILURE method=Interactions.Resizable()[pri:0, instance:com.pcs.toolsqa.Interactions@167fdd33] output={null}]
[DEBUG] 2020-03-31 21:16:30.746 [main] log4jmaintain - We are in debuger logger tag
[INFO ] 2020-03-31 21:16:31.984 [main] log4jmaintain - Log for information massage Started
[INFO ] 2020-03-31 21:16:38.451 [main] log4jmaintain - Log for information massage Passed
[INFO ] 2020-03-31 21:16:39.554 [main] log4jmaintain - Log for information massage Started
[INFO ] 2020-03-31 21:16:43.219 [main] log4jmaintain - Log for information massage Failed
[ERROR] 2020-03-31 21:16:43.219 [main] log4jmaintain - This is Error message
[INFO ] 2020-03-31 21:16:43.219 [main] log4jmaintain - [TestResult name=Selectable status=FAILURE method=Interactions.Selectable()[pri:0, instance:com.pcs.toolsqa.Interactions@167fdd33] output={null}]
[DEBUG] 2020-03-31 21:16:43.220 [main] log4jmaintain - We are in debuger logger tag
[INFO ] 2020-03-31 21:16:43.872 [main] log4jmaintain - Log for information massage Started
[INFO ] 2020-03-31 21:16:46.893 [main] log4jmaintain - Log for information massage Failed
[ERROR] 2020-03-31 21:16:46.894 [main] log4jmaintain - This is Error message
[INFO ] 2020-03-31 21:16:46.894 [main] log4jmaintain - [TestResult name=Droppable status=FAILURE method=Interactions.Droppable()[pri:2, instance:com.pcs.toolsqa.Interactions@167fdd33] output={null}]
[DEBUG] 2020-03-31 21:16:46.895 [main] log4jmaintain - We are in debuger logger tag
[INFO ] 2020-03-31 21:16:50.287 [main] log4jmaintain - Log for information massage Finished
[INFO ] 2020-03-31 21:18:59.917 [main] log4jmaintain - Test Started 
[INFO ] 2020-03-31 21:19:14.638 [main] log4jmaintain - Log for information massage Started
[INFO ] 2020-03-31 21:19:45.939 [main] log4jmaintain - Log for information massage Passed
[INFO ] 2020-03-31 21:19:47.284 [main] log4jmaintain - Log for information massage Started
[INFO ] 2020-03-31 21:19:51.918 [main] log4jmaintain - Log for information massage Passed
[INFO ] 2020-03-31 21:19:53.280 [main] log4jmaintain - Log for information massage Started
[INFO ] 2020-03-31 21:19:58.026 [main] log4jmaintain - Log for information massage Passed
[INFO ] 2020-03-31 21:19:59.219 [main] log4jmaintain - Log for information massage Started
[INFO ] 2020-03-31 21:20:01.541 [main] log4jmaintain - Log for information massage Passed
[INFO ] 2020-03-31 21:20:04.353 [main] log4jmaintain - Log for information massage Finished
[INFO ] 2020-04-02 15:28:47.147 [main] log4jmaintain - Test Started 
[INFO ] 2020-04-02 15:29:34.815 [main] log4jmaintain - Log for information massage Started
[INFO ] 2020-04-02 15:29:48.707 [main] log4jmaintain - Log for information massage Failed
[ERROR] 2020-04-02 15:29:48.708 [main] log4jmaintain - This is Error message
[INFO ] 2020-04-02 15:29:48.709 [main] log4jmaintain - [TestResult name=Resizable status=FAILURE method=Interactions.Resizable()[pri:0, instance:com.pcs.toolsqa.Interactions@167fdd33] output={null}]
[DEBUG] 2020-04-02 15:29:48.709 [main] log4jmaintain - We are in debuger logger tag
[INFO ] 2020-04-02 15:29:52.408 [main] log4jmaintain - Log for information massage Started
[INFO ] 2020-04-02 15:30:10.632 [main] log4jmaintain - Log for information massage Passed
[INFO ] 2020-04-02 15:30:12.090 [main] log4jmaintain - Log for information massage Started
[INFO ] 2020-04-02 15:30:18.280 [main] log4jmaintain - Log for information massage Passed
[INFO ] 2020-04-02 15:30:21.574 [main] log4jmaintain - Log for information massage Started
[INFO ] 2020-04-02 15:30:24.346 [main] log4jmaintain - Log for information massage Passed
[INFO ] 2020-04-02 15:30:27.769 [main] log4jmaintain - Log for information massage Finished
[INFO ] 2020-04-02 15:33:07.440 [main] log4jmaintain - Test Started 
[INFO ] 2020-04-02 15:34:01.843 [main] log4jmaintain - Log for information massage Started
[INFO ] 2020-04-02 15:34:06.756 [main] log4jmaintain - Log for information massage Passed
[INFO ] 2020-04-02 15:34:08.480 [main] log4jmaintain - Log for information massage Started
[INFO ] 2020-04-02 15:34:18.744 [main] log4jmaintain - Log for information massage Passed
[INFO ] 2020-04-02 15:34:29.988 [main] log4jmaintain - Log for information massage Started
[INFO ] 2020-04-02 15:34:40.487 [main] log4jmaintain - Log for information massage Passed
[INFO ] 2020-04-02 15:34:47.138 [main] log4jmaintain - Log for information massage Started
[INFO ] 2020-04-02 15:34:56.086 [main] log4jmaintain - Log for information massage Passed
[INFO ] 2020-04-02 15:34:58.896 [main] log4jmaintain - Log for information massage Finished
[INFO ] 2020-04-02 15:42:45.468 [main] log4jmaintain - Test Started 
[INFO ] 2020-04-02 15:43:21.519 [main] log4jmaintain - Log for information massage Started
[INFO ] 2020-04-02 15:43:47.731 [main] log4jmaintain - Log for information massage Passed
[INFO ] 2020-04-02 15:43:53.308 [main] log4jmaintain - Log for information massage Started
[INFO ] 2020-04-02 15:45:17.638 [main] log4jmaintain - Log for information massage Passed
[INFO ] 2020-04-02 15:45:19.413 [main] log4jmaintain - Log for information massage Started
[INFO ] 2020-04-02 15:45:27.259 [main] log4jmaintain - Log for information massage Passed
[INFO ] 2020-04-02 15:45:28.786 [main] log4jmaintain - Log for information massage Started
[INFO ] 2020-04-02 15:45:37.150 [main] log4jmaintain - Log for information massage Failed
[ERROR] 2020-04-02 15:45:37.151 [main] log4jmaintain - This is Error message
[INFO ] 2020-04-02 15:45:37.152 [main] log4jmaintain - [TestResult name=Selectable status=FAILURE method=Interactions.Selectable()[pri:0, instance:com.pcs.toolsqa.Interactions@167fdd33] output={null}]
[DEBUG] 2020-04-02 15:45:37.153 [main] log4jmaintain - We are in debuger logger tag
[INFO ] 2020-04-02 15:45:57.505 [main] log4jmaintain - Log for information massage Started
[INFO ] 2020-04-02 15:46:00.548 [main] log4jmaintain - Log for information massage Passed
[INFO ] 2020-04-02 15:46:03.262 [main] log4jmaintain - Log for information massage Finished
[INFO ] 2020-04-02 15:46:44.349 [main] log4jmaintain - Test Started 
[INFO ] 2020-04-02 15:47:25.302 [main] log4jmaintain - Log for information massage Started
[INFO ] 2020-04-02 15:47:58.433 [main] log4jmaintain - Log for information massage Passed
[INFO ] 2020-04-02 15:47:59.963 [main] log4jmaintain - Log for information massage Started
[INFO ] 2020-04-02 15:48:36.618 [main] log4jmaintain - Log for information massage Passed
[INFO ] 2020-04-02 15:48:39.173 [main] log4jmaintain - Log for information massage Started
[INFO ] 2020-04-02 15:48:46.721 [main] log4jmaintain - Log for information massage Passed
[INFO ] 2020-04-02 15:48:48.107 [main] log4jmaintain - Log for information massage Started
[INFO ] 2020-04-02 15:48:51.084 [main] log4jmaintain - Log for information massage Passed
[INFO ] 2020-04-02 15:48:52.592 [main] log4jmaintain - Log for information massage Started
[INFO ] 2020-04-02 15:49:01.079 [main] log4jmaintain - Log for information massage Passed
[INFO ] 2020-04-02 15:49:03.547 [main] log4jmaintain - Log for information massage Finished
[INFO ] 2020-04-03 14:09:22.299 [main] log4jmaintain - Test Started 
[INFO ] 2020-04-03 14:09:39.981 [main] log4jmaintain - Log for information massage Started
[INFO ] 2020-04-03 14:09:46.881 [main] log4jmaintain - Log for information massage Passed
[INFO ] 2020-04-03 14:09:48.654 [main] log4jmaintain - Log for information massage Started
[INFO ] 2020-04-03 14:09:50.821 [main] log4jmaintain - Log for information massage Passed
[INFO ] 2020-04-03 14:09:52.124 [main] log4jmaintain - Log for information massage Started
[INFO ] 2020-04-03 14:09:53.908 [main] log4jmaintain - Log for information massage Passed
[INFO ] 2020-04-03 14:09:55.246 [main] log4jmaintain - Log for information massage Started
[INFO ] 2020-04-03 14:09:57.520 [main] log4jmaintain - Log for information massage Passed
[INFO ] 2020-04-03 14:09:58.784 [main] log4jmaintain - Log for information massage Started
[INFO ] 2020-04-03 14:10:00.960 [main] log4jmaintain - Log for information massage Passed
[INFO ] 2020-04-03 14:10:08.527 [main] log4jmaintain - Log for information massage Finished
